<?xml version="1.0" encoding="UTF-8"?>
<!-- Generated by org.testng.reporters.JUnitXMLReporter -->
<testsuite ignored="0" hostname="DESKTOP-STVDEQP" failures="1" tests="1" name="addToCartTest" time="151.205" errors="0" timestamp="2025-03-07T07:52:53 IST">
  <testcase classname="testCases.AddToCartPageTest" name="addToCartTest" time="115.373">
    <failure type="java.lang.AssertionError" message="expected [true] but found [false]">
      <![CDATA[java.lang.AssertionError: expected [true] but found [false]
at testCases.AddToCartPageTest.addToCartTest(AddToCartPageTest.java:37)
at java.base/java.util.ArrayList.forEach(ArrayList.java:1511)
... Removed 29 stack frames]]>
    </failure>
  </testcase> <!-- addToCartTest -->
</testsuite> <!-- addToCartTest -->
