<?xml version="1.0" encoding="UTF-8"?>
<!-- Generated by org.testng.reporters.JUnitXMLReporter -->
<testsuite ignored="0" hostname="DESKTOP-STVDEQP" failures="1" tests="1" name="loginTest" time="28.663" errors="0" timestamp="2025-03-07T07:53:22 IST">
  <testcase classname="testCases.LoginPageTest" name="loginTest" time="0.444">
    <failure type="java.lang.IllegalArgumentException" message="Element must be set">
      <![CDATA[java.lang.IllegalArgumentException: Element must be set
at org.openqa.selenium.internal.Require.nonNull(Require.java:60)
at org.openqa.selenium.interactions.PointerInput$Origin.fromElement(PointerInput.java:277)
at org.openqa.selenium.interactions.Actions.moveInTicks(Actions.java:344)
at org.openqa.selenium.interactions.Actions.moveToElement(Actions.java:323)
at actions.HandleActions.click(HandleActions.java:43)
at pageObjects.LoginPage.performLogin(LoginPage.java:26)
at testCases.LoginPageTest.loginTest(LoginPageTest.java:19)
at java.base/java.util.ArrayList.forEach(ArrayList.java:1511)
... Removed 25 stack frames]]>
    </failure>
  </testcase> <!-- loginTest -->
</testsuite> <!-- loginTest -->
